\BOOKMARK [0][]{chapter.1}{Introduction}{}% 1
\BOOKMARK [1][-]{section.1.1}{Motivation}{chapter.1}% 2
\BOOKMARK [1][-]{section.1.2}{Outline}{chapter.1}% 3
\BOOKMARK [2][-]{subsection.1.2.1}{Definitions}{section.1.2}% 4
\BOOKMARK [2][-]{subsection.1.2.2}{Problem Statement}{section.1.2}% 5
\BOOKMARK [0][]{chapter.2}{State Of The Art}{}% 6
\BOOKMARK [1][-]{section.2.1}{Depth Perception}{chapter.2}% 7
\BOOKMARK [1][-]{section.2.2}{Virtual Reality}{chapter.2}% 8
\BOOKMARK [1][-]{section.2.3}{Real and Virtual Environment}{chapter.2}% 9
\BOOKMARK [1][-]{section.2.4}{Presence}{chapter.2}% 10
\BOOKMARK [2][-]{subsection.2.4.1}{Presence in Virtual Reality}{section.2.4}% 11
\BOOKMARK [2][-]{subsection.2.4.2}{Presence Measurement}{section.2.4}% 12
\BOOKMARK [1][-]{section.2.5}{Immersion}{chapter.2}% 13
\BOOKMARK [2][-]{subsection.2.5.1}{Types of Immersion}{section.2.5}% 14
\BOOKMARK [2][-]{subsection.2.5.2}{Characteristics of Immersion}{section.2.5}% 15
\BOOKMARK [1][-]{section.2.6}{Problems in Virtual Environments}{chapter.2}% 16
\BOOKMARK [1][-]{section.2.7}{Distance Differences}{chapter.2}% 17
\BOOKMARK [1][-]{section.2.8}{Distance Differences in the Near Field}{chapter.2}% 18
\BOOKMARK [1][-]{section.2.9}{High Fidelity Immersive Virtual Environment}{chapter.2}% 19
\BOOKMARK [1][-]{section.2.10}{Effects of Memory in Distance Perception}{chapter.2}% 20
\BOOKMARK [0][]{chapter.3}{Implementation of Test Setup}{}% 21
\BOOKMARK [1][-]{section.3.1}{HTC Vive Pro technical details}{chapter.3}% 22
\BOOKMARK [1][-]{section.3.2}{Software}{chapter.3}% 23
\BOOKMARK [1][-]{section.3.3}{Accuracy and Precision of HTC Vive Pro}{chapter.3}% 24
\BOOKMARK [1][-]{section.3.4}{Lighting}{chapter.3}% 25
\BOOKMARK [1][-]{section.3.5}{Unity Lighting}{chapter.3}% 26
\BOOKMARK [1][-]{section.3.6}{Methodology}{chapter.3}% 27
\BOOKMARK [0][]{chapter.4}{Test Design}{}% 28
\BOOKMARK [1][-]{section.4.1}{Session One: Average Time Calculation Test}{chapter.4}% 29
\BOOKMARK [1][-]{section.4.2}{Session Two: Immersion Test}{chapter.4}% 30
\BOOKMARK [1][-]{section.4.3}{Session Three: Verbal Distance Estimation Test}{chapter.4}% 31
\BOOKMARK [1][-]{section.4.4}{Session Four: Blind Verbal Distance Estimation Test}{chapter.4}% 32
\BOOKMARK [1][-]{section.4.5}{Session Five: Nested Object Placement Test}{chapter.4}% 33
\BOOKMARK [1][-]{section.4.6}{Session Six: Play Area Test}{chapter.4}% 34
\BOOKMARK [0][]{chapter.5}{Evaluation}{}% 35
\BOOKMARK [1][-]{section.5.1}{Pre Screening}{chapter.5}% 36
\BOOKMARK [1][-]{section.5.2}{Immersion and Video Viewing}{chapter.5}% 37
\BOOKMARK [1][-]{section.5.3}{Verbal Distance Estimation}{chapter.5}% 38
\BOOKMARK [1][-]{section.5.4}{Blind Distance Estimation}{chapter.5}% 39
\BOOKMARK [1][-]{section.5.5}{Nested Object Placement}{chapter.5}% 40
\BOOKMARK [1][-]{section.5.6}{Play Area}{chapter.5}% 41
\BOOKMARK [1][-]{section.5.7}{Simulator Sickness}{chapter.5}% 42
\BOOKMARK [0][]{chapter.6}{Conclusion and Future Work}{}% 43
\BOOKMARK [0][]{chapter*.26}{References}{}% 44
\BOOKMARK [0][]{chapter*.27}{List of Figures}{}% 45
\BOOKMARK [0][]{chapter*.28}{List of Tables}{}% 46
\BOOKMARK [0][]{appendix.A}{Supplementry Documents and Questionnaire}{}% 47
